<?xml version="1.0" encoding="UTF-8"?>
<testng-results ignored="0" total="5" passed="5" failed="0" skipped="0">
  <reporter-output>
  </reporter-output>
  <suite started-at="2023-04-25T16:40:38 IST" name="Suite" finished-at="2023-04-25T16:40:38 IST" duration-ms="136">
    <groups>
    </groups>
    <test started-at="2023-04-25T16:40:38 IST" name="Test" finished-at="2023-04-25T16:40:38 IST" duration-ms="136">
      <class name="com.qa.testRelatedPages.Test3">
        <test-method signature="titleTest()[pri:0, instance:com.qa.testRelatedPages.Test3@5b03b9fe]" started-at="2023-04-25T16:40:38 IST" name="titleTest" finished-at="2023-04-25T16:40:38 IST" duration-ms="15" status="PASS">
          <reporter-output>
          </reporter-output>
        </test-method> <!-- titleTest -->
      </class> <!-- com.qa.testRelatedPages.Test3 -->
      <class name="com.qa.testRelatedPages.Test2">
        <test-method signature="titleTest()[pri:0, instance:com.qa.testRelatedPages.Test2@4dbb42b7]" started-at="2023-04-25T16:40:38 IST" name="titleTest" finished-at="2023-04-25T16:40:38 IST" duration-ms="2" status="PASS">
          <reporter-output>
          </reporter-output>
        </test-method> <!-- titleTest -->
      </class> <!-- com.qa.testRelatedPages.Test2 -->
      <class name="com.qa.testRelatedPages.TestCase1">
        <test-method signature="titleTest()[pri:0, instance:com.qa.testRelatedPages.TestCase1@550dbc7a]" started-at="2023-04-25T16:40:38 IST" name="titleTest" finished-at="2023-04-25T16:40:38 IST" duration-ms="2" status="PASS">
          <reporter-output>
          </reporter-output>
        </test-method> <!-- titleTest -->
      </class> <!-- com.qa.testRelatedPages.TestCase1 -->
      <class name="com.qa.testRelatedPages.Test5">
        <test-method signature="titleTest()[pri:0, instance:com.qa.testRelatedPages.Test5@66f57048]" started-at="2023-04-25T16:40:38 IST" name="titleTest" finished-at="2023-04-25T16:40:38 IST" duration-ms="3" status="PASS">
          <reporter-output>
          </reporter-output>
        </test-method> <!-- titleTest -->
      </class> <!-- com.qa.testRelatedPages.Test5 -->
      <class name="com.qa.testRelatedPages.Test4">
        <test-method signature="titleTest()[pri:0, instance:com.qa.testRelatedPages.Test4@21282ed8]" started-at="2023-04-25T16:40:38 IST" name="titleTest" finished-at="2023-04-25T16:40:38 IST" duration-ms="2" status="PASS">
          <reporter-output>
          </reporter-output>
        </test-method> <!-- titleTest -->
      </class> <!-- com.qa.testRelatedPages.Test4 -->
    </test> <!-- Test -->
  </suite> <!-- Suite -->
</testng-results>
