<?xml version="1.0" encoding="UTF-8"?>
<!-- Generated by org.testng.reporters.JUnitXMLReporter -->
<testsuite ignored="0" hostname="DESKTOP-U9HAFVU" failures="0" tests="5" name="Test" time="0.136" errors="0" timestamp="2023-04-25T16:40:38 IST">
  <testcase classname="com.qa.testRelatedPages.Test3" name="titleTest" time="0.015"/>
  <testcase classname="com.qa.testRelatedPages.Test2" name="titleTest" time="0.002"/>
  <testcase classname="com.qa.testRelatedPages.Test5" name="titleTest" time="0.003"/>
  <testcase classname="com.qa.testRelatedPages.TestCase1" name="titleTest" time="0.002"/>
  <testcase classname="com.qa.testRelatedPages.Test4" name="titleTest" time="0.002"/>
</testsuite> <!-- Test -->
